login/build/intermediates/manifest_merge_blame_file/debug/manifest-merger-blame-debug-report.txt
1<?xml version="1.0" encoding="utf-8"?>
2<manifest xmlns:android="http://schemas.android.com/apk/res/android"
3    package="com.inshort.login" >
4
5    <uses-sdk android:minSdkVersion="23" />
6
7    <application>
7-->src\main\AndroidManifest.xml:4:5-11:19
8        <activity
8-->src\main\AndroidManifest.xml:6:9-9:52
9            android:name="com.inshort.login.activity.LoginActivity"
9-->src\main\AndroidManifest.xml:6:19-57
10            android:exported="false"
10-->src\main\AndroidManifest.xml:7:13-37
11            android:launchMode="singleTop"
11-->src\main\AndroidManifest.xml:8:13-43
12            android:screenOrientation="portrait" />
12-->src\main\AndroidManifest.xml:9:13-49
13    </application>
14
15</manifest>